=~=~=~=~=~=~=~=~=~=~=~= PuTTY log 2026.05.07 12:48:24 =~=~=~=~=~=~=~=~=~=~=~=

!0!((!
!(0
000#

#00(

11$(
$0#(B121#!
!!1#(##(#!32!#!
##!#(
#!10!(!!0
!
!0
#(1!!11
1#(#
!
(1
((!11##

$(!!1!31B3Bb(BB2
B(
010!$3
$!(
1
1

!(11(J$J###$11!$!# !##!#(F!(F!#(F!F#!(F   !!##$H!,H$H#! !!#J #,J!## 
0
(!(!1100!(0
!0(3,331B222(BB111,!(!312!1($!23!$!32
0
!011!!$,((!!1(!
!!( !  !##!3 3 J  3J  !!3(J!!!BBJ!  3 ((!!3!!!3!!3!!H!33H!3H3!!3(HH!!3 ((BB3 3(JJ33!!3J(J!3J!3##!!#  !$F(F#!$!!!   ,$  !( !F #(F!#!(F!!$F (!(   ##(#!!!#!!!! ! ($(!!(HH(H$!!# (((#J (F(F (#1 ! !#   3 1#!11## !!  ##,HJ ###(H!!(H#(HH!(H$H(H(H!#!1! H    #(#  ((11
3
1,B31((B!12
!03$(# ! ! !!!B3!! !111( $!!B$BB1B!!(11111!1 !! !(( 11(!!  1!1 (H,!1$1(!1$11(1! 1$B!1BB  $(1!11!!!!!!(! ( (! !!!!!,B,1(B!( ! 1!B!!!#!! !##!#!)!!#! !B,(B!!(1,,  (!!B J(H #!H!#(HH(H,H#(H$HHH$H##$H#!(HH! J(J,J# #  J#     (J(J#$J### J#(J##H,H ,J33(J33!!B,J#! (H#,H   ###HH$H!##(H#!(H#H##,H!!#(J#$J#!!(H(J(H#(H# #H  #,H (H$H#!3J,(3(BB!B !!B!($ (!!!1 (BB(B!!BBBBB !(HF##!## J!#!#### (F!11###1!F1!(F(F1!(F!H1!#FH!   !1H#  ($(( 1 (F(##1#!1(F###(J(J$J(J##!!!,H  #####!#  H !$  ( # J11#####((J  ,$# !#(H(H##$H # $HH###H(H#!(J (J$J!!(J(J J! (J3(J!3 !#H ,J (,J 3$HH###(H#,J,J!##!##!1F!1#F#(1  #1!($!#1#1#(#(!#J!!!FF!#H (H!!!$HF(H(H#(H##!!,H  FH#33!!,J(J!,J1($$(1$!1! 11!!(!!1$(113(  (J$J!3(J!  ,J (J!BB $JB(J B!3!(J! !!,!!! !3#(HJ1!#,Hp#!(!## ##$H## #(